<?xml version="1.0" encoding="UTF-8"?>
<testsuite name="com.example.demo.EpostcheckerApplicationTests" tests="1" skipped="0" failures="0" errors="0" timestamp="2024-03-03T18:59:53" hostname="ip-172-31-27-188" time="1.061">
  <properties/>
  <testcase name="contextLoads()" classname="com.example.demo.EpostcheckerApplicationTests" time="1.061"/>
  <system-out><![CDATA[18:59:50.370 [Test worker] INFO org.springframework.test.context.support.AnnotationConfigContextLoaderUtils -- Could not detect default configuration classes for test class [com.example.demo.EpostcheckerApplicationTests]: EpostcheckerApplicationTests does not declare any static, non-private, non-final, nested classes annotated with @Configuration.
18:59:50.521 [Test worker] INFO org.springframework.boot.test.context.SpringBootTestContextBootstrapper -- Found @SpringBootConfiguration com.example.demo.EpostcheckerApplication for test class com.example.demo.EpostcheckerApplicationTests

  .   ____          _            __ _ _
 /\\ / ___'_ __ _ _(_)_ __  __ _ \ \ \ \
( ( )\___ | '_ | '_| | '_ \/ _` | \ \ \ \
 \\/  ___)| |_)| | | | | || (_| |  ) ) ) )
  '  |____| .__|_| |_|_| |_\__, | / / / /
 =========|_|==============|___/=/_/_/_/
 :: Spring Boot ::                (v3.2.3)

2024-03-03T18:59:51.082Z  INFO 8546 --- [    Test worker] c.e.demo.EpostcheckerApplicationTests    : Starting EpostcheckerApplicationTests using Java 17.0.10 with PID 8546 (started by root in /home/ubuntu/demo)
2024-03-03T18:59:51.089Z  INFO 8546 --- [    Test worker] c.e.demo.EpostcheckerApplicationTests    : No active profile set, falling back to 1 default profile: "default"
2024-03-03T18:59:52.004Z  INFO 8546 --- [    Test worker] .s.d.r.c.RepositoryConfigurationDelegate : Bootstrapping Spring Data JDBC repositories in DEFAULT mode.
2024-03-03T18:59:52.020Z  INFO 8546 --- [    Test worker] .s.d.r.c.RepositoryConfigurationDelegate : Finished Spring Data repository scanning in 11 ms. Found 0 JDBC repository interfaces.
2024-03-03T18:59:53.064Z  INFO 8546 --- [    Test worker] com.zaxxer.hikari.HikariDataSource       : HikariPool-1 - Starting...
2024-03-03T18:59:53.541Z  INFO 8546 --- [    Test worker] com.zaxxer.hikari.pool.HikariPool        : HikariPool-1 - Added connection org.postgresql.jdbc.PgConnection@751d7425
2024-03-03T18:59:53.543Z  INFO 8546 --- [    Test worker] com.zaxxer.hikari.HikariDataSource       : HikariPool-1 - Start completed.
2024-03-03T18:59:53.748Z  INFO 8546 --- [    Test worker] c.e.demo.EpostcheckerApplicationTests    : Started EpostcheckerApplicationTests in 3.043 seconds (process running for 4.538)
]]></system-out>
  <system-err><![CDATA[]]></system-err>
</testsuite>
